<?xml version="1.0" encoding="UTF-8"?>
<!-- Generated by org.testng.reporters.JUnitReportReporter -->
<testsuite skipped="0" hostname="Automata" name="pack.UpsTest.UpsShippingTest" tests="1" failures="0" timestamp="02 May 2020 22:47:33 GMT" time="12.263" errors="0">
  <testcase name="verifyShippingFromTest" time="12.263" classname="pack.UpsTest.UpsShippingTest"/>
</testsuite> <!-- pack.UpsTest.UpsShippingTest -->
