<?xml version="1.0" encoding="UTF-8"?>
<!-- Generated by org.testng.reporters.JUnitReportReporter -->
<testsuite skipped="0" hostname="Automata" name="pack.UpsTest.UpsLoginTest" tests="1" failures="0" timestamp="02 May 2020 22:47:33 GMT" time="8.808" errors="0">
  <testcase name="verifyLoginErrorMsg" time="8.808" classname="pack.UpsTest.UpsLoginTest"/>
</testsuite> <!-- pack.UpsTest.UpsLoginTest -->
